#! /c/Source/iverilog-install/bin/vvp
:ivl_version "12.0 (devel)" "(s20150603-1539-g2693dd32b)";
:ivl_delay_selection "TYPICAL";
:vpi_time_precision + 0;
:vpi_module "C:\prg\iverilog\lib\ivl\system.vpi";
:vpi_module "C:\prg\iverilog\lib\ivl\vhdl_sys.vpi";
:vpi_module "C:\prg\iverilog\lib\ivl\vhdl_textio.vpi";
:vpi_module "C:\prg\iverilog\lib\ivl\v2005_math.vpi";
:vpi_module "C:\prg\iverilog\lib\ivl\va_math.vpi";
S_0000018e5b44d230 .scope module, "alu_tb" "alu_tb" 2 1;
 .timescale 0 0;
v0000018e5b44ac10_0 .var "alu_op", 3 0;
v0000018e5b44acb0_0 .var "r1", 31 0;
v0000018e5b44ad50_0 .var "r2", 31 0;
v0000018e5b44adf0_0 .net "result", 31 0, v0000018e5b44aad0_0;  1 drivers
S_0000018e5b44d3c0 .scope module, "alu_test" "alu" 2 8, 3 7 0, S_0000018e5b44d230;
 .timescale 0 0;
    .port_info 0 /INPUT 32 "r1";
    .port_info 1 /INPUT 32 "r2";
    .port_info 2 /INPUT 4 "alu_op";
    .port_info 3 /OUTPUT 32 "result";
    .port_info 4 /OUTPUT 1 "zero";
L_0000018e5b4e0028 .functor BUFT 1, C4<00000000000000000000000000000000>, C4<0>, C4<0>, C4<0>;
v0000018e5b463170_0 .net/2u *"_ivl_0", 31 0, L_0000018e5b4e0028;  1 drivers
v0000018e5b449470_0 .net "alu_op", 3 0, v0000018e5b44ac10_0;  1 drivers
v0000018e5b44d550_0 .net "r1", 31 0, v0000018e5b44acb0_0;  1 drivers
v0000018e5b44d5f0_0 .net "r2", 31 0, v0000018e5b44ad50_0;  1 drivers
v0000018e5b44aad0_0 .var "result", 31 0;
v0000018e5b44ab70_0 .net "zero", 0 0, L_0000018e5b44ae90;  1 drivers
E_0000018e5b499bc0 .event anyedge, v0000018e5b449470_0, v0000018e5b44d550_0, v0000018e5b44d5f0_0;
L_0000018e5b44ae90 .cmp/eq 32, v0000018e5b44aad0_0, L_0000018e5b4e0028;
    .scope S_0000018e5b44d3c0;
T_0 ;
    %wait E_0000018e5b499bc0;
    %load/vec4 v0000018e5b449470_0;
    %dup/vec4;
    %pushi/vec4 0, 0, 4;
    %cmp/u;
    %jmp/1 T_0.0, 6;
    %dup/vec4;
    %pushi/vec4 1, 0, 4;
    %cmp/u;
    %jmp/1 T_0.1, 6;
    %dup/vec4;
    %pushi/vec4 2, 0, 4;
    %cmp/u;
    %jmp/1 T_0.2, 6;
    %dup/vec4;
    %pushi/vec4 6, 0, 4;
    %cmp/u;
    %jmp/1 T_0.3, 6;
    %dup/vec4;
    %pushi/vec4 7, 0, 4;
    %cmp/u;
    %jmp/1 T_0.4, 6;
    %dup/vec4;
    %pushi/vec4 12, 0, 4;
    %cmp/u;
    %jmp/1 T_0.5, 6;
    %pushi/vec4 0, 0, 32;
    %assign/vec4 v0000018e5b44aad0_0, 0;
    %jmp T_0.7;
T_0.0 ;
    %load/vec4 v0000018e5b44d550_0;
    %load/vec4 v0000018e5b44d5f0_0;
    %and;
    %assign/vec4 v0000018e5b44aad0_0, 0;
    %jmp T_0.7;
T_0.1 ;
    %load/vec4 v0000018e5b44d550_0;
    %load/vec4 v0000018e5b44d5f0_0;
    %or;
    %assign/vec4 v0000018e5b44aad0_0, 0;
    %jmp T_0.7;
T_0.2 ;
    %load/vec4 v0000018e5b44d550_0;
    %load/vec4 v0000018e5b44d5f0_0;
    %add;
    %assign/vec4 v0000018e5b44aad0_0, 0;
    %jmp T_0.7;
T_0.3 ;
    %load/vec4 v0000018e5b44d550_0;
    %load/vec4 v0000018e5b44d5f0_0;
    %sub;
    %assign/vec4 v0000018e5b44aad0_0, 0;
    %jmp T_0.7;
T_0.4 ;
    %load/vec4 v0000018e5b44d550_0;
    %load/vec4 v0000018e5b44d5f0_0;
    %cmp/u;
    %flag_mov 8, 5;
    %jmp/0 T_0.8, 8;
    %pushi/vec4 1, 0, 32;
    %jmp/1 T_0.9, 8;
T_0.8 ; End of true expr.
    %pushi/vec4 0, 0, 32;
    %jmp/0 T_0.9, 8;
 ; End of false expr.
    %blend;
T_0.9;
    %assign/vec4 v0000018e5b44aad0_0, 0;
    %jmp T_0.7;
T_0.5 ;
    %load/vec4 v0000018e5b44d550_0;
    %load/vec4 v0000018e5b44d5f0_0;
    %or;
    %inv;
    %assign/vec4 v0000018e5b44aad0_0, 0;
    %jmp T_0.7;
T_0.7 ;
    %pop/vec4 1;
    %jmp T_0;
    .thread T_0, $push;
    .scope S_0000018e5b44d230;
T_1 ;
    %vpi_call 2 16 "$dumpfile", "alu_tb.vcd" {0 0 0};
    %vpi_call 2 17 "$dumpvars", 32'sb00000000000000000000000000000000, S_0000018e5b44d230 {0 0 0};
    %vpi_call 2 18 "$monitor", "Time=%0t | r1=%d | r2=%d | alu_op=%b | result=%d", $time, v0000018e5b44acb0_0, v0000018e5b44ad50_0, v0000018e5b44ac10_0, v0000018e5b44adf0_0 {0 0 0};
    %pushi/vec4 0, 0, 4;
    %assign/vec4 v0000018e5b44ac10_0, 0;
    %pushi/vec4 0, 0, 32;
    %assign/vec4 v0000018e5b44acb0_0, 0;
    %pushi/vec4 1, 0, 32;
    %assign/vec4 v0000018e5b44ad50_0, 0;
    %delay 10, 0;
    %pushi/vec4 1, 0, 32;
    %assign/vec4 v0000018e5b44acb0_0, 0;
    %end;
    .thread T_1;
# The file index is used to find the file name in the following table.
:file_names 4;
    "N/A";
    "<interactive>";
    "alu_tb.v";
    "alu.v";
